[Opcje]
Po³¹czenie=1
Inkrementacja=0
Logiczne=0
Arytmetyczne=1
Stos=1
RejestrX=0
RejestrY=0
Przerwania=0
Wejœcie=1
Znaczniki=0
Adres=6
Kod=4
[Rozkazy]
Liczba=16
Nazwa1=stp
Nazwa2=dod
Nazwa3=ode
Nazwa4=pob
Nazwa5=³ad
Nazwa6=sob
Nazwa7=som
Nazwa8=soz
Nazwa9=dns
Nazwa10=pwr
Nazwa11=pzs
Nazwa12=sdp
Nazwa13=dzi
Nazwa14=mno
Nazwa15=wpr
Nazwa16=wyp
[stp]
Linie=5
Linia1=// zakoñczenie programu
Linia2=ROZKAZ STP;
Linia3=Argumenty 0;
Linia4=czyt wys wei il;
Linia5=stop;
[dod]
Linie=5
Linia1=// (Ak)+((Ad))->Ak
Linia2=ROZKAZ DOD;
Linia3=czyt wys wei il;
Linia4=wyad wea;
Linia5=czyt wys weja dod weak wyl wea;
[ode]
Linie=5
Linia1=// (Ak)-((Ad))->Ak
Linia2=ROZKAZ ODE;
Linia3=czyt wys wei il;
Linia4=wyad wea;
Linia5=czyt wys weja ode weak wyl wea;
[pob]
Linie=5
Linia1=// ((Ad))->Ak
Linia2=ROZKAZ POB;
Linia3=czyt wys wei il;
Linia4=wyad wea;
Linia5=czyt wys weja przep weak wyl wea;
[³ad]
Linie=5
Linia1=// (Ak)->(Ad)
Linia2=ROZKAZ £AD;
Linia3=czyt wys wei il;
Linia4=wyad wea wyak wes;
Linia5=pisz wyl wea;
[sob]
Linie=5
Linia1=// skok bezwarunkowy
Linia2=ROZKAZ SOB;
Linia3=Argumenty 1;
Linia4=czyt wys wei il;
Linia5=wyad wea wel;
[som]
Linie=6
Linia1=// skok gdy (AK) < 0
Linia2=ROZKAZ SOM;
Linia3=czyt wys wei il;
Linia4=JE¯ELI Z TO @ujemne GDY NIE @dodatnie;
Linia5=@ujemne wyad wea wel KONIEC;
Linia6=@dodatnie wyl wea;
[soz]
Linie=6
Linia1=// skok gdy (AK) = 0
Linia2=ROZKAZ SOZ;
Linia3=czyt wys wei il;
Linia4=JE¯ELI zak TO @zero GDY NIE @niezero;
Linia5=@zero wyad wea wel KONIEC;
Linia6=@niezero wyl wea;
[dns]
Linie=6
Linia1=rozkaz dns;
Linia2=argumenty 0;
Linia3=czyt wys wei il;
Linia4=dws;
Linia5=wyws wea wyak wes;
Linia6=pisz wyl wea;
[pwr]
Linie=5
Linia1=rozkaz pwr;
Linia2=argumenty 0;
Linia3=czyt wys wei il;
Linia4=wyws wea iws;
Linia5=czyt wys as wea wel;
[pzs]
Linie=5
Linia1=rozkaz pzs;
Linia2=argumenty 0;
Linia3=czyt wys wei il;
Linia4=wyws wea iws;
Linia5=czyt wys weja przep weak wyl wea;
[sdp]
Linie=6
Linia1=rozkaz sdp;
Linia2=argumenty 1;
Linia3=czyt wys wei il;
Linia4=dws;
Linia5=wyws wea wyls wes;
Linia6=pisz wyad wel wea;
[dzi]
Linie=4
Linia1=ROZKAZ DZI;
Linia2=czyt wys wei il;
Linia3=wyad wea;
Linia4=czyt wys weja dziel weak wyl wea;
[mno]
Linie=5
Linia1=ROZKAZ MNO;
Linia2=czyt wys wei il;
Linia3=wyad wea;
Linia4=czyt wys weja mno weak wyl wea;
Linia5=
[wpr]
Linie=8
Linia1=// wczytaj znak z urz¹dzenia zewnêtrznego
Linia2=ROZKAZ WPR;
Linia3=czyt wys wei il;
Linia4=wyak weja ode weak start;
Linia5=@czekaj wyg weja ode weak JE¯ELI Z TO @gotowe GDY NIE @czekaj;
Linia6=@gotowe wyrb weja przep weak wyl wea;
Linia7=
Linia8=
[wyp]
Linie=8
Linia1=// wyprowadŸ znak na urz¹dzenie zewnêtrzne
Linia2=ROZKAZ WYP;
Linia3=czyt wys wei il;
Linia4=wyak weja werb start;
Linia5=wyak wes weja ode weak;
Linia6=@czeka wyg weja ode weak je¿eli z to @gotowe gdy nie @czeka;
Linia7=@gotowe wys weja przep weak wyl wea;
Linia8=
